# JRE version: OpenJDK Runtime Environment (8.0_242-b01) (build 1.8.0_242-release-1644-b01)
# Java VM: OpenJDK 64-Bit Server VM (25.242-b01 mixed mode windows-amd64 compressed oops)
Heap:
 PSYoungGen      total 444416K, used 167000K [0x00000000e0000000, 0x0000000100000000, 0x0000000100000000)
  eden space 371712K, 38% used [0x00000000e0000000,0x00000000e89f6fb8,0x00000000f6b00000)
  from space 72704K, 35% used [0x00000000f6b00000,0x00000000f841f0e0,0x00000000fb200000)
  to   space 70656K, 0% used [0x00000000fbb00000,0x00000000fbb00000,0x0000000100000000)
 ParOldGen       total 623104K, used 243087K [0x00000000a0000000, 0x00000000c6080000, 0x00000000e0000000)
  object space 623104K, 39% used [0x00000000a0000000,0x00000000aed63d78,0x00000000c6080000)
 Metaspace       used 139123K, capacity 148838K, committed 149120K, reserved 1179648K
  class space    used 17951K, capacity 19779K, committed 19840K, reserved 1048576K
GC Heap History (10 events):
Event: 274.234 GC heap before
{Heap before GC invocations=21 (full 4):
 PSYoungGen      total 449024K, used 406754K [0x00000000e0000000, 0x0000000100000000, 0x0000000100000000)
  eden space 379904K, 100% used [0x00000000e0000000,0x00000000f7300000,0x00000000f7300000)
  from space 69120K, 38% used [0x00000000fbc80000,0x00000000fd6b8b18,0x0000000100000000)
  to   space 72192K, 0% used [0x00000000f7300000,0x00000000f7300000,0x00000000fb980000)
 ParOldGen       total 623104K, used 109642K [0x00000000a0000000, 0x00000000c6080000, 0x00000000e0000000)
  object space 623104K, 17% used [0x00000000a0000000,0x00000000a6b12998,0x00000000c6080000)
 Metaspace       used 128848K, capacity 135194K, committed 135424K, reserved 1167360K
  class space    used 16320K, capacity 17595K, committed 17664K, reserved 1048576K
Event: 274.247 GC heap after
Heap after GC invocations=21 (full 4):
 PSYoungGen      total 452096K, used 28158K [0x00000000e0000000, 0x00000000ffe00000, 0x0000000100000000)
  eden space 379904K, 0% used [0x00000000e0000000,0x00000000e0000000,0x00000000f7300000)
  from space 72192K, 39% used [0x00000000f7300000,0x00000000f8e7f9b8,0x00000000fb980000)
  to   space 69632K, 0% used [0x00000000fba00000,0x00000000fba00000,0x00000000ffe00000)
 ParOldGen       total 623104K, used 128659K [0x00000000a0000000, 0x00000000c6080000, 0x00000000e0000000)
  object space 623104K, 20% used [0x00000000a0000000,0x00000000a7da4f20,0x00000000c6080000)
 Metaspace       used 128848K, capacity 135194K, committed 135424K, reserved 1167360K
  class space    used 16320K, capacity 17595K, committed 17664K, reserved 1048576K
}
Event: 275.902 GC heap before
{Heap before GC invocations=22 (full 4):
 PSYoungGen      total 452096K, used 408062K [0x00000000e0000000, 0x00000000ffe00000, 0x0000000100000000)
  eden space 379904K, 100% used [0x00000000e0000000,0x00000000f7300000,0x00000000f7300000)
  from space 72192K, 39% used [0x00000000f7300000,0x00000000f8e7f9b8,0x00000000fb980000)
  to   space 69632K, 0% used [0x00000000fba00000,0x00000000fba00000,0x00000000ffe00000)
 ParOldGen       total 623104K, used 128659K [0x00000000a0000000, 0x00000000c6080000, 0x00000000e0000000)
  object space 623104K, 20% used [0x00000000a0000000,0x00000000a7da4f20,0x00000000c6080000)
 Metaspace       used 137125K, capacity 146338K, committed 146560K, reserved 1175552K
  class space    used 17774K, capacity 19539K, committed 19584K, reserved 1048576K
Event: 275.928 GC heap after
Heap after GC invocations=22 (full 4):
 PSYoungGen      total 439296K, used 64451K [0x00000000e0000000, 0x0000000100000000, 0x0000000100000000)
  eden space 369664K, 0% used [0x00000000e0000000,0x00000000e0000000,0x00000000f6900000)
  from space 69632K, 92% used [0x00000000fba00000,0x00000000ff8f0ed8,0x00000000ffe00000)
  to   space 77312K, 0% used [0x00000000f6900000,0x00000000f6900000,0x00000000fb480000)
 ParOldGen       total 623104K, used 152819K [0x00000000a0000000, 0x00000000c6080000, 0x00000000e0000000)
  object space 623104K, 24% used [0x00000000a0000000,0x00000000a953cd90,0x00000000c6080000)
 Metaspace       used 137125K, capacity 146338K, committed 146560K, reserved 1175552K
  class space    used 17774K, capacity 19539K, committed 19584K, reserved 1048576K
}
Event: 276.334 GC heap before
{Heap before GC invocations=23 (full 4):
 PSYoungGen      total 439296K, used 434115K [0x00000000e0000000, 0x0000000100000000, 0x0000000100000000)
  eden space 369664K, 100% used [0x00000000e0000000,0x00000000f6900000,0x00000000f6900000)
  from space 69632K, 92% used [0x00000000fba00000,0x00000000ff8f0ed8,0x00000000ffe00000)
  to   space 77312K, 0% used [0x00000000f6900000,0x00000000f6900000,0x00000000fb480000)
 ParOldGen       total 623104K, used 152819K [0x00000000a0000000, 0x00000000c6080000, 0x00000000e0000000)
  object space 623104K, 24% used [0x00000000a0000000,0x00000000a953cd90,0x00000000c6080000)
 Metaspace       used 138459K, capacity 148184K, committed 148352K, reserved 1177600K
  class space    used 17908K, capacity 19724K, committed 19840K, reserved 1048576K
Event: 276.360 GC heap after
Heap after GC invocations=23 (full 4):
 PSYoungGen      total 446976K, used 26187K [0x00000000e0000000, 0x0000000100000000, 0x0000000100000000)
  eden space 369664K, 0% used [0x00000000e0000000,0x00000000e0000000,0x00000000f6900000)
  from space 77312K, 33% used [0x00000000f6900000,0x00000000f8292df8,0x00000000fb480000)
  to   space 75264K, 0% used [0x00000000fb680000,0x00000000fb680000,0x0000000100000000)
 ParOldGen       total 623104K, used 203883K [0x00000000a0000000, 0x00000000c6080000, 0x00000000e0000000)
  object space 623104K, 32% used [0x00000000a0000000,0x00000000ac71ad10,0x00000000c6080000)
 Metaspace       used 138459K, capacity 148184K, committed 148352K, reserved 1177600K
  class space    used 17908K, capacity 19724K, committed 19840K, reserved 1048576K
}
Event: 276.584 GC heap before
{Heap before GC invocations=24 (full 4):
 PSYoungGen      total 446976K, used 395851K [0x00000000e0000000, 0x0000000100000000, 0x0000000100000000)
  eden space 369664K, 100% used [0x00000000e0000000,0x00000000f6900000,0x00000000f6900000)
  from space 77312K, 33% used [0x00000000f6900000,0x00000000f8292df8,0x00000000fb480000)
  to   space 75264K, 0% used [0x00000000fb680000,0x00000000fb680000,0x0000000100000000)
 ParOldGen       total 623104K, used 203883K [0x00000000a0000000, 0x00000000c6080000, 0x00000000e0000000)
  object space 623104K, 32% used [0x00000000a0000000,0x00000000ac71ad10,0x00000000c6080000)
 Metaspace       used 138794K, capacity 148480K, committed 148608K, reserved 1177600K
  class space    used 17918K, capacity 19734K, committed 19840K, reserved 1048576K
Event: 276.606 GC heap after
Heap after GC invocations=24 (full 4):
 PSYoungGen      total 439808K, used 23870K [0x00000000e0000000, 0x00000000ff900000, 0x0000000100000000)
  eden space 371712K, 0% used [0x00000000e0000000,0x00000000e0000000,0x00000000f6b00000)
  from space 68096K, 35% used [0x00000000fb680000,0x00000000fcdcfb90,0x00000000ff900000)
  to   space 72704K, 0% used [0x00000000f6b00000,0x00000000f6b00000,0x00000000fb200000)
 ParOldGen       total 623104K, used 223639K [0x00000000a0000000, 0x00000000c6080000, 0x00000000e0000000)
  object space 623104K, 35% used [0x00000000a0000000,0x00000000ada65ce8,0x00000000c6080000)
 Metaspace       used 138794K, capacity 148480K, committed 148608K, reserved 1177600K
  class space    used 17918K, capacity 19734K, committed 19840K, reserved 1048576K
}
Event: 276.814 GC heap before
{Heap before GC invocations=25 (full 4):
 PSYoungGen      total 439808K, used 395582K [0x00000000e0000000, 0x00000000ff900000, 0x0000000100000000)
  eden space 371712K, 100% used [0x00000000e0000000,0x00000000f6b00000,0x00000000f6b00000)
  from space 68096K, 35% used [0x00000000fb680000,0x00000000fcdcfb90,0x00000000ff900000)
  to   space 72704K, 0% used [0x00000000f6b00000,0x00000000f6b00000,0x00000000fb200000)
 ParOldGen       total 623104K, used 223900K [0x00000000a0000000, 0x00000000c6080000, 0x00000000e0000000)
  object space 623104K, 35% used [0x00000000a0000000,0x00000000adaa7020,0x00000000c6080000)
 Metaspace       used 139106K, capacity 148838K, committed 149120K, reserved 1179648K
  class space    used 17951K, capacity 19779K, committed 19840K, reserved 1048576K
Event: 276.830 GC heap after
Heap after GC invocations=25 (full 4):
 PSYoungGen      total 444416K, used 25724K [0x00000000e0000000, 0x0000000100000000, 0x0000000100000000)
  eden space 371712K, 0% used [0x00000000e0000000,0x00000000e0000000,0x00000000f6b00000)
  from space 72704K, 35% used [0x00000000f6b00000,0x00000000f841f0e0,0x00000000fb200000)
  to   space 70656K, 0% used [0x00000000fbb00000,0x00000000fbb00000,0x0000000100000000)
 ParOldGen       total 623104K, used 243087K [0x00000000a0000000, 0x00000000c6080000, 0x00000000e0000000)
  object space 623104K, 39% used [0x00000000a0000000,0x00000000aed63d78,0x00000000c6080000)
 Metaspace       used 139106K, capacity 148838K, committed 149120K, reserved 1179648K
  class space    used 17951K, capacity 19779K, committed 19840K, reserved 1048576K
}

