# JRE version: OpenJDK Runtime Environment (8.0_242-b01) (build 1.8.0_242-release-1644-b01)
# Java VM: OpenJDK 64-Bit Server VM (25.242-b01 mixed mode windows-amd64 compressed oops)
Heap:
 PSYoungGen      total 456192K, used 5351K [0x00000000e0000000, 0x0000000100000000, 0x0000000100000000)
  eden space 406528K, 1% used [0x00000000e0000000,0x00000000e0539f08,0x00000000f8d00000)
  from space 49664K, 0% used [0x00000000fcf80000,0x00000000fcf80000,0x0000000100000000)
  to   space 58880K, 0% used [0x00000000f8d00000,0x00000000f8d00000,0x00000000fc680000)
 ParOldGen       total 458240K, used 81862K [0x00000000a0000000, 0x00000000bbf80000, 0x00000000e0000000)
  object space 458240K, 17% used [0x00000000a0000000,0x00000000a4ff1960,0x00000000bbf80000)
 Metaspace       used 94966K, capacity 98628K, committed 99032K, reserved 1134592K
  class space    used 12137K, capacity 12903K, committed 13056K, reserved 1048576K
GC Heap History (10 events):
Event: 21.111 GC heap before
{Heap before GC invocations=10 (full 3):
 PSYoungGen      total 388096K, used 365568K [0x00000000e0000000, 0x00000000f9d80000, 0x0000000100000000)
  eden space 365568K, 100% used [0x00000000e0000000,0x00000000f6500000,0x00000000f6500000)
  from space 22528K, 0% used [0x00000000f8100000,0x00000000f8100000,0x00000000f9700000)
  to   space 28672K, 0% used [0x00000000f6500000,0x00000000f6500000,0x00000000f8100000)
 ParOldGen       total 317952K, used 39339K [0x00000000a0000000, 0x00000000b3680000, 0x00000000e0000000)
  object space 317952K, 12% used [0x00000000a0000000,0x00000000a266adf0,0x00000000b3680000)
 Metaspace       used 69534K, capacity 72656K, committed 72664K, reserved 1112064K
  class space    used 9409K, capacity 9979K, committed 9984K, reserved 1048576K
Event: 21.125 GC heap after
Heap after GC invocations=10 (full 3):
 PSYoungGen      total 394240K, used 28653K [0x00000000e0000000, 0x0000000100000000, 0x0000000100000000)
  eden space 365568K, 0% used [0x00000000e0000000,0x00000000e0000000,0x00000000f6500000)
  from space 28672K, 99% used [0x00000000f6500000,0x00000000f80fb648,0x00000000f8100000)
  to   space 38912K, 0% used [0x00000000fda00000,0x00000000fda00000,0x0000000100000000)
 ParOldGen       total 317952K, used 50635K [0x00000000a0000000, 0x00000000b3680000, 0x00000000e0000000)
  object space 317952K, 15% used [0x00000000a0000000,0x00000000a3172eb0,0x00000000b3680000)
 Metaspace       used 69534K, capacity 72656K, committed 72664K, reserved 1112064K
  class space    used 9409K, capacity 9979K, committed 9984K, reserved 1048576K
}
Event: 24.761 GC heap before
{Heap before GC invocations=11 (full 3):
 PSYoungGen      total 394240K, used 394221K [0x00000000e0000000, 0x0000000100000000, 0x0000000100000000)
  eden space 365568K, 100% used [0x00000000e0000000,0x00000000f6500000,0x00000000f6500000)
  from space 28672K, 99% used [0x00000000f6500000,0x00000000f80fb648,0x00000000f8100000)
  to   space 38912K, 0% used [0x00000000fda00000,0x00000000fda00000,0x0000000100000000)
 ParOldGen       total 317952K, used 50635K [0x00000000a0000000, 0x00000000b3680000, 0x00000000e0000000)
  object space 317952K, 15% used [0x00000000a0000000,0x00000000a3172eb0,0x00000000b3680000)
 Metaspace       used 77126K, capacity 80520K, committed 80600K, reserved 1118208K
  class space    used 10275K, capacity 10939K, committed 11008K, reserved 1048576K
Event: 24.775 GC heap after
Heap after GC invocations=11 (full 3):
 PSYoungGen      total 463872K, used 38890K [0x00000000e0000000, 0x0000000100000000, 0x0000000100000000)
  eden space 424960K, 0% used [0x00000000e0000000,0x00000000e0000000,0x00000000f9f00000)
  from space 38912K, 99% used [0x00000000fda00000,0x00000000ffffa928,0x0000000100000000)
  to   space 49664K, 0% used [0x00000000f9f00000,0x00000000f9f00000,0x00000000fcf80000)
 ParOldGen       total 317952K, used 60043K [0x00000000a0000000, 0x00000000b3680000, 0x00000000e0000000)
  object space 317952K, 18% used [0x00000000a0000000,0x00000000a3aa2de8,0x00000000b3680000)
 Metaspace       used 77126K, capacity 80520K, committed 80600K, reserved 1118208K
  class space    used 10275K, capacity 10939K, committed 11008K, reserved 1048576K
}
Event: 45.577 GC heap before
{Heap before GC invocations=12 (full 3):
 PSYoungGen      total 463872K, used 463850K [0x00000000e0000000, 0x0000000100000000, 0x0000000100000000)
  eden space 424960K, 100% used [0x00000000e0000000,0x00000000f9f00000,0x00000000f9f00000)
  from space 38912K, 99% used [0x00000000fda00000,0x00000000ffffa928,0x0000000100000000)
  to   space 49664K, 0% used [0x00000000f9f00000,0x00000000f9f00000,0x00000000fcf80000)
 ParOldGen       total 317952K, used 60043K [0x00000000a0000000, 0x00000000b3680000, 0x00000000e0000000)
  object space 317952K, 18% used [0x00000000a0000000,0x00000000a3aa2de8,0x00000000b3680000)
 Metaspace       used 92166K, capacity 95912K, committed 96088K, reserved 1132544K
  class space    used 11952K, capacity 12669K, committed 12672K, reserved 1048576K
Event: 45.597 GC heap after
Heap after GC invocations=12 (full 3):
 PSYoungGen      total 474624K, used 49650K [0x00000000e0000000, 0x0000000100000000, 0x0000000100000000)
  eden space 424960K, 0% used [0x00000000e0000000,0x00000000e0000000,0x00000000f9f00000)
  from space 49664K, 99% used [0x00000000f9f00000,0x00000000fcf7cab8,0x00000000fcf80000)
  to   space 49664K, 0% used [0x00000000fcf80000,0x00000000fcf80000,0x0000000100000000)
 ParOldGen       total 317952K, used 70941K [0x00000000a0000000, 0x00000000b3680000, 0x00000000e0000000)
  object space 317952K, 22% used [0x00000000a0000000,0x00000000a4547778,0x00000000b3680000)
 Metaspace       used 92166K, capacity 95912K, committed 96088K, reserved 1132544K
  class space    used 11952K, capacity 12669K, committed 12672K, reserved 1048576K
}
Event: 46.110 GC heap before
{Heap before GC invocations=13 (full 3):
 PSYoungGen      total 474624K, used 88723K [0x00000000e0000000, 0x0000000100000000, 0x0000000100000000)
  eden space 424960K, 9% used [0x00000000e0000000,0x00000000e2628350,0x00000000f9f00000)
  from space 49664K, 99% used [0x00000000f9f00000,0x00000000fcf7cab8,0x00000000fcf80000)
  to   space 49664K, 0% used [0x00000000fcf80000,0x00000000fcf80000,0x0000000100000000)
 ParOldGen       total 317952K, used 70941K [0x00000000a0000000, 0x00000000b3680000, 0x00000000e0000000)
  object space 317952K, 22% used [0x00000000a0000000,0x00000000a4547778,0x00000000b3680000)
 Metaspace       used 94452K, capacity 98182K, committed 98280K, reserved 1134592K
  class space    used 12090K, capacity 12872K, committed 12928K, reserved 1048576K
Event: 46.123 GC heap after
Heap after GC invocations=13 (full 3):
 PSYoungGen      total 456192K, used 23937K [0x00000000e0000000, 0x0000000100000000, 0x0000000100000000)
  eden space 406528K, 0% used [0x00000000e0000000,0x00000000e0000000,0x00000000f8d00000)
  from space 49664K, 48% used [0x00000000fcf80000,0x00000000fe6e0730,0x0000000100000000)
  to   space 58880K, 0% used [0x00000000f8d00000,0x00000000f8d00000,0x00000000fc680000)
 ParOldGen       total 317952K, used 103271K [0x00000000a0000000, 0x00000000b3680000, 0x00000000e0000000)
  object space 317952K, 32% used [0x00000000a0000000,0x00000000a64d9c28,0x00000000b3680000)
 Metaspace       used 94452K, capacity 98182K, committed 98280K, reserved 1134592K
  class space    used 12090K, capacity 12872K, committed 12928K, reserved 1048576K
}
Event: 46.123 GC heap before
{Heap before GC invocations=14 (full 4):
 PSYoungGen      total 456192K, used 23937K [0x00000000e0000000, 0x0000000100000000, 0x0000000100000000)
  eden space 406528K, 0% used [0x00000000e0000000,0x00000000e0000000,0x00000000f8d00000)
  from space 49664K, 48% used [0x00000000fcf80000,0x00000000fe6e0730,0x0000000100000000)
  to   space 58880K, 0% used [0x00000000f8d00000,0x00000000f8d00000,0x00000000fc680000)
 ParOldGen       total 317952K, used 103271K [0x00000000a0000000, 0x00000000b3680000, 0x00000000e0000000)
  object space 317952K, 32% used [0x00000000a0000000,0x00000000a64d9c28,0x00000000b3680000)
 Metaspace       used 94452K, capacity 98182K, committed 98280K, reserved 1134592K
  class space    used 12090K, capacity 12872K, committed 12928K, reserved 1048576K
Event: 46.224 GC heap after
Heap after GC invocations=14 (full 4):
 PSYoungGen      total 456192K, used 0K [0x00000000e0000000, 0x0000000100000000, 0x0000000100000000)
  eden space 406528K, 0% used [0x00000000e0000000,0x00000000e0000000,0x00000000f8d00000)
  from space 49664K, 0% used [0x00000000fcf80000,0x00000000fcf80000,0x0000000100000000)
  to   space 58880K, 0% used [0x00000000f8d00000,0x00000000f8d00000,0x00000000fc680000)
 ParOldGen       total 458240K, used 81862K [0x00000000a0000000, 0x00000000bbf80000, 0x00000000e0000000)
  object space 458240K, 17% used [0x00000000a0000000,0x00000000a4ff1960,0x00000000bbf80000)
 Metaspace       used 94375K, capacity 97982K, committed 98280K, reserved 1134592K
  class space    used 12071K, capacity 12836K, committed 12928K, reserved 1048576K
}

