# JRE version: OpenJDK Runtime Environment (8.0_242-b01) (build 1.8.0_242-release-1644-b01)
# Java VM: OpenJDK 64-Bit Server VM (25.242-b01 mixed mode windows-amd64 compressed oops)
Heap:
 PSYoungGen      total 239616K, used 147126K [0x0000000715c00000, 0x0000000727280000, 0x00000007c0000000)
  eden space 239104K, 61% used [0x0000000715c00000,0x000000071ebad918,0x0000000724580000)
  from space 512K, 0% used [0x0000000727200000,0x0000000727200000,0x0000000727280000)
  to   space 21504K, 0% used [0x0000000724880000,0x0000000724880000,0x0000000725d80000)
 ParOldGen       total 459264K, used 65071K [0x00000005c1400000, 0x00000005dd480000, 0x0000000715c00000)
  object space 459264K, 14% used [0x00000005c1400000,0x00000005c538bf60,0x00000005dd480000)
 Metaspace       used 64796K, capacity 66110K, committed 66392K, reserved 1107968K
  class space    used 7374K, capacity 7685K, committed 7808K, reserved 1048576K
GC Heap History (10 events):
Event: 1.424 GC heap before
{Heap before GC invocations=3 (full 1):
 PSYoungGen      total 153088K, used 114212K [0x0000000715c00000, 0x0000000728700000, 0x00000007c0000000)
  eden space 131584K, 86% used [0x0000000715c00000,0x000000071cb89170,0x000000071dc80000)
  from space 21504K, 0% used [0x000000071dc80000,0x000000071dc80000,0x000000071f180000)
  to   space 21504K, 0% used [0x0000000727200000,0x0000000727200000,0x0000000728700000)
 ParOldGen       total 256000K, used 25121K [0x00000005c1400000, 0x00000005d0e00000, 0x0000000715c00000)
  object space 256000K, 9% used [0x00000005c1400000,0x00000005c2c88630,0x00000005d0e00000)
 Metaspace       used 34656K, capacity 35200K, committed 35416K, reserved 1081344K
  class space    used 4324K, capacity 4477K, committed 4480K, reserved 1048576K
Event: 1.433 GC heap after
Heap after GC invocations=3 (full 1):
 PSYoungGen      total 191488K, used 21475K [0x0000000715c00000, 0x0000000728700000, 0x00000007c0000000)
  eden space 169984K, 0% used [0x0000000715c00000,0x0000000715c00000,0x0000000720200000)
  from space 21504K, 99% used [0x0000000727200000,0x00000007286f8fd8,0x0000000728700000)
  to   space 21504K, 0% used [0x0000000725d00000,0x0000000725d00000,0x0000000727200000)
 ParOldGen       total 256000K, used 34082K [0x00000005c1400000, 0x00000005d0e00000, 0x0000000715c00000)
  object space 256000K, 13% used [0x00000005c1400000,0x00000005c35488e0,0x00000005d0e00000)
 Metaspace       used 34656K, capacity 35200K, committed 35416K, reserved 1081344K
  class space    used 4324K, capacity 4477K, committed 4480K, reserved 1048576K
}
Event: 1.433 GC heap before
{Heap before GC invocations=4 (full 2):
 PSYoungGen      total 191488K, used 21475K [0x0000000715c00000, 0x0000000728700000, 0x00000007c0000000)
  eden space 169984K, 0% used [0x0000000715c00000,0x0000000715c00000,0x0000000720200000)
  from space 21504K, 99% used [0x0000000727200000,0x00000007286f8fd8,0x0000000728700000)
  to   space 21504K, 0% used [0x0000000725d00000,0x0000000725d00000,0x0000000727200000)
 ParOldGen       total 256000K, used 34082K [0x00000005c1400000, 0x00000005d0e00000, 0x0000000715c00000)
  object space 256000K, 13% used [0x00000005c1400000,0x00000005c35488e0,0x00000005d0e00000)
 Metaspace       used 34656K, capacity 35200K, committed 35416K, reserved 1081344K
  class space    used 4324K, capacity 4477K, committed 4480K, reserved 1048576K
Event: 1.484 GC heap after
Heap after GC invocations=4 (full 2):
 PSYoungGen      total 191488K, used 0K [0x0000000715c00000, 0x0000000728700000, 0x00000007c0000000)
  eden space 169984K, 0% used [0x0000000715c00000,0x0000000715c00000,0x0000000720200000)
  from space 21504K, 0% used [0x0000000727200000,0x0000000727200000,0x0000000728700000)
  to   space 21504K, 0% used [0x0000000725d00000,0x0000000725d00000,0x0000000727200000)
 ParOldGen       total 459264K, used 42390K [0x00000005c1400000, 0x00000005dd480000, 0x0000000715c00000)
  object space 459264K, 9% used [0x00000005c1400000,0x00000005c3d65ab8,0x00000005dd480000)
 Metaspace       used 34656K, capacity 35200K, committed 35416K, reserved 1081344K
  class space    used 4324K, capacity 4477K, committed 4480K, reserved 1048576K
}
Event: 2.623 GC heap before
{Heap before GC invocations=5 (full 2):
 PSYoungGen      total 191488K, used 169984K [0x0000000715c00000, 0x0000000728700000, 0x00000007c0000000)
  eden space 169984K, 100% used [0x0000000715c00000,0x0000000720200000,0x0000000720200000)
  from space 21504K, 0% used [0x0000000727200000,0x0000000727200000,0x0000000728700000)
  to   space 21504K, 0% used [0x0000000725d00000,0x0000000725d00000,0x0000000727200000)
 ParOldGen       total 459264K, used 42390K [0x00000005c1400000, 0x00000005dd480000, 0x0000000715c00000)
  object space 459264K, 9% used [0x00000005c1400000,0x00000005c3d65ab8,0x00000005dd480000)
 Metaspace       used 49136K, capacity 50084K, committed 50392K, reserved 1093632K
  class space    used 5782K, capacity 6052K, committed 6144K, reserved 1048576K
Event: 2.635 GC heap after
Heap after GC invocations=5 (full 2):
 PSYoungGen      total 223744K, used 21491K [0x0000000715c00000, 0x0000000727280000, 0x00000007c0000000)
  eden space 202240K, 0% used [0x0000000715c00000,0x0000000715c00000,0x0000000722180000)
  from space 21504K, 99% used [0x0000000725d00000,0x00000007271fcf90,0x0000000727200000)
  to   space 512K, 0% used [0x0000000727200000,0x0000000727200000,0x0000000727280000)
 ParOldGen       total 459264K, used 53277K [0x00000005c1400000, 0x00000005dd480000, 0x0000000715c00000)
  object space 459264K, 11% used [0x00000005c1400000,0x00000005c4807658,0x00000005dd480000)
 Metaspace       used 49136K, capacity 50084K, committed 50392K, reserved 1093632K
  class space    used 5782K, capacity 6052K, committed 6144K, reserved 1048576K
}
Event: 3.661 GC heap before
{Heap before GC invocations=6 (full 2):
 PSYoungGen      total 223744K, used 132052K [0x0000000715c00000, 0x0000000727280000, 0x00000007c0000000)
  eden space 202240K, 54% used [0x0000000715c00000,0x000000071c7f8468,0x0000000722180000)
  from space 21504K, 99% used [0x0000000725d00000,0x00000007271fcf90,0x0000000727200000)
  to   space 512K, 0% used [0x0000000727200000,0x0000000727200000,0x0000000727280000)
 ParOldGen       total 459264K, used 53277K [0x00000005c1400000, 0x00000005dd480000, 0x0000000715c00000)
  object space 459264K, 11% used [0x00000005c1400000,0x00000005c4807658,0x00000005dd480000)
 Metaspace       used 57590K, capacity 58798K, committed 59028K, reserved 1101824K
  class space    used 6730K, capacity 7047K, committed 7168K, reserved 1048576K
Event: 3.671 GC heap after
Heap after GC invocations=6 (full 2):
 PSYoungGen      total 239616K, used 512K [0x0000000715c00000, 0x0000000727280000, 0x00000007c0000000)
  eden space 239104K, 0% used [0x0000000715c00000,0x0000000715c00000,0x0000000724580000)
  from space 512K, 100% used [0x0000000727200000,0x0000000727280000,0x0000000727280000)
  to   space 21504K, 0% used [0x0000000724880000,0x0000000724880000,0x0000000725d80000)
 ParOldGen       total 459264K, used 89682K [0x00000005c1400000, 0x00000005dd480000, 0x0000000715c00000)
  object space 459264K, 19% used [0x00000005c1400000,0x00000005c6b948b0,0x00000005dd480000)
 Metaspace       used 57590K, capacity 58798K, committed 59028K, reserved 1101824K
  class space    used 6730K, capacity 7047K, committed 7168K, reserved 1048576K
}
Event: 3.671 GC heap before
{Heap before GC invocations=7 (full 3):
 PSYoungGen      total 239616K, used 512K [0x0000000715c00000, 0x0000000727280000, 0x00000007c0000000)
  eden space 239104K, 0% used [0x0000000715c00000,0x0000000715c00000,0x0000000724580000)
  from space 512K, 100% used [0x0000000727200000,0x0000000727280000,0x0000000727280000)
  to   space 21504K, 0% used [0x0000000724880000,0x0000000724880000,0x0000000725d80000)
 ParOldGen       total 459264K, used 89682K [0x00000005c1400000, 0x00000005dd480000, 0x0000000715c00000)
  object space 459264K, 19% used [0x00000005c1400000,0x00000005c6b948b0,0x00000005dd480000)
 Metaspace       used 57590K, capacity 58798K, committed 59028K, reserved 1101824K
  class space    used 6730K, capacity 7047K, committed 7168K, reserved 1048576K
Event: 3.790 GC heap after
Heap after GC invocations=7 (full 3):
 PSYoungGen      total 239616K, used 0K [0x0000000715c00000, 0x0000000727280000, 0x00000007c0000000)
  eden space 239104K, 0% used [0x0000000715c00000,0x0000000715c00000,0x0000000724580000)
  from space 512K, 0% used [0x0000000727200000,0x0000000727200000,0x0000000727280000)
  to   space 21504K, 0% used [0x0000000724880000,0x0000000724880000,0x0000000725d80000)
 ParOldGen       total 459264K, used 65071K [0x00000005c1400000, 0x00000005dd480000, 0x0000000715c00000)
  object space 459264K, 14% used [0x00000005c1400000,0x00000005c538bf60,0x00000005dd480000)
 Metaspace       used 57590K, capacity 58798K, committed 59028K, reserved 1101824K
  class space    used 6730K, capacity 7047K, committed 7168K, reserved 1048576K
}

