# JRE version: OpenJDK Runtime Environment (8.0_242-b01) (build 1.8.0_242-release-1644-b01)
# Java VM: OpenJDK 64-Bit Server VM (25.242-b01 mixed mode windows-amd64 compressed oops)
Heap:
 PSYoungGen      total 178176K, used 20806K [0x0000000715c00000, 0x0000000721f00000, 0x00000007c0000000)
  eden space 156672K, 13% used [0x0000000715c00000,0x0000000717051a58,0x000000071f500000)
  from space 21504K, 0% used [0x000000071f500000,0x000000071f500000,0x0000000720a00000)
  to   space 21504K, 0% used [0x0000000720a00000,0x0000000720a00000,0x0000000721f00000)
 ParOldGen       total 251904K, used 59398K [0x00000005c1400000, 0x00000005d0a00000, 0x0000000715c00000)
  object space 251904K, 23% used [0x00000005c1400000,0x00000005c4e01be0,0x00000005d0a00000)
 Metaspace       used 58019K, capacity 59282K, committed 59540K, reserved 1101824K
  class space    used 6755K, capacity 7079K, committed 7168K, reserved 1048576K
GC Heap History (10 events):
Event: 1.405 GC heap before
{Heap before GC invocations=4 (full 2):
 PSYoungGen      total 153088K, used 21475K [0x0000000715c00000, 0x0000000723080000, 0x00000007c0000000)
  eden space 131584K, 0% used [0x0000000715c00000,0x0000000715c00000,0x000000071dc80000)
  from space 21504K, 99% used [0x000000071f180000,0x0000000720678ed8,0x0000000720680000)
  to   space 21504K, 0% used [0x000000071dc80000,0x000000071dc80000,0x000000071f180000)
 ParOldGen       total 251904K, used 34162K [0x00000005c1400000, 0x00000005d0a00000, 0x0000000715c00000)
  object space 251904K, 13% used [0x00000005c1400000,0x00000005c355c848,0x00000005d0a00000)
 Metaspace       used 34653K, capacity 35200K, committed 35416K, reserved 1081344K
  class space    used 4324K, capacity 4477K, committed 4480K, reserved 1048576K
Event: 1.456 GC heap after
Heap after GC invocations=4 (full 2):
 PSYoungGen      total 153088K, used 0K [0x0000000715c00000, 0x0000000723080000, 0x00000007c0000000)
  eden space 131584K, 0% used [0x0000000715c00000,0x0000000715c00000,0x000000071dc80000)
  from space 21504K, 0% used [0x000000071f180000,0x000000071f180000,0x0000000720680000)
  to   space 21504K, 0% used [0x000000071dc80000,0x000000071dc80000,0x000000071f180000)
 ParOldGen       total 251904K, used 42449K [0x00000005c1400000, 0x00000005d0a00000, 0x0000000715c00000)
  object space 251904K, 16% used [0x00000005c1400000,0x00000005c3d747f8,0x00000005d0a00000)
 Metaspace       used 34653K, capacity 35200K, committed 35416K, reserved 1081344K
  class space    used 4324K, capacity 4477K, committed 4480K, reserved 1048576K
}
Event: 2.220 GC heap before
{Heap before GC invocations=5 (full 2):
 PSYoungGen      total 153088K, used 131584K [0x0000000715c00000, 0x0000000723080000, 0x00000007c0000000)
  eden space 131584K, 100% used [0x0000000715c00000,0x000000071dc80000,0x000000071dc80000)
  from space 21504K, 0% used [0x000000071f180000,0x000000071f180000,0x0000000720680000)
  to   space 21504K, 0% used [0x000000071dc80000,0x000000071dc80000,0x000000071f180000)
 ParOldGen       total 251904K, used 42449K [0x00000005c1400000, 0x00000005d0a00000, 0x0000000715c00000)
  object space 251904K, 16% used [0x00000005c1400000,0x00000005c3d747f8,0x00000005d0a00000)
 Metaspace       used 47058K, capacity 47902K, committed 48216K, reserved 1091584K
  class space    used 5672K, capacity 5941K, committed 6016K, reserved 1048576K
Event: 2.227 GC heap after
Heap after GC invocations=5 (full 2):
 PSYoungGen      total 153088K, used 21501K [0x0000000715c00000, 0x0000000721f00000, 0x00000007c0000000)
  eden space 131584K, 0% used [0x0000000715c00000,0x0000000715c00000,0x000000071dc80000)
  from space 21504K, 99% used [0x000000071dc80000,0x000000071f17f758,0x000000071f180000)
  to   space 21504K, 0% used [0x0000000720a00000,0x0000000720a00000,0x0000000721f00000)
 ParOldGen       total 251904K, used 45453K [0x00000005c1400000, 0x00000005d0a00000, 0x0000000715c00000)
  object space 251904K, 18% used [0x00000005c1400000,0x00000005c4063560,0x00000005d0a00000)
 Metaspace       used 47058K, capacity 47902K, committed 48216K, reserved 1091584K
  class space    used 5672K, capacity 5941K, committed 6016K, reserved 1048576K
}
Event: 3.438 GC heap before
{Heap before GC invocations=6 (full 2):
 PSYoungGen      total 153088K, used 153085K [0x0000000715c00000, 0x0000000721f00000, 0x00000007c0000000)
  eden space 131584K, 100% used [0x0000000715c00000,0x000000071dc80000,0x000000071dc80000)
  from space 21504K, 99% used [0x000000071dc80000,0x000000071f17f758,0x000000071f180000)
  to   space 21504K, 0% used [0x0000000720a00000,0x0000000720a00000,0x0000000721f00000)
 ParOldGen       total 251904K, used 45453K [0x00000005c1400000, 0x00000005d0a00000, 0x0000000715c00000)
  object space 251904K, 18% used [0x00000005c1400000,0x00000005c4063560,0x00000005d0a00000)
 Metaspace       used 56228K, capacity 57438K, committed 57688K, reserved 1099776K
  class space    used 6642K, capacity 6943K, committed 7040K, reserved 1048576K
Event: 3.452 GC heap after
Heap after GC invocations=6 (full 2):
 PSYoungGen      total 178176K, used 21490K [0x0000000715c00000, 0x0000000721f00000, 0x00000007c0000000)
  eden space 156672K, 0% used [0x0000000715c00000,0x0000000715c00000,0x000000071f500000)
  from space 21504K, 99% used [0x0000000720a00000,0x0000000721efcbc0,0x0000000721f00000)
  to   space 21504K, 0% used [0x000000071f500000,0x000000071f500000,0x0000000720a00000)
 ParOldGen       total 251904K, used 59686K [0x00000005c1400000, 0x00000005d0a00000, 0x0000000715c00000)
  object space 251904K, 23% used [0x00000005c1400000,0x00000005c4e498d8,0x00000005d0a00000)
 Metaspace       used 56228K, capacity 57438K, committed 57688K, reserved 1099776K
  class space    used 6642K, capacity 6943K, committed 7040K, reserved 1048576K
}
Event: 3.743 GC heap before
{Heap before GC invocations=7 (full 2):
 PSYoungGen      total 178176K, used 44631K [0x0000000715c00000, 0x0000000721f00000, 0x00000007c0000000)
  eden space 156672K, 14% used [0x0000000715c00000,0x0000000717299270,0x000000071f500000)
  from space 21504K, 99% used [0x0000000720a00000,0x0000000721efcbc0,0x0000000721f00000)
  to   space 21504K, 0% used [0x000000071f500000,0x000000071f500000,0x0000000720a00000)
 ParOldGen       total 251904K, used 59686K [0x00000005c1400000, 0x00000005d0a00000, 0x0000000715c00000)
  object space 251904K, 23% used [0x00000005c1400000,0x00000005c4e498d8,0x00000005d0a00000)
 Metaspace       used 57608K, capacity 58802K, committed 59028K, reserved 1101824K
  class space    used 6741K, capacity 7047K, committed 7168K, reserved 1048576K
Event: 3.753 GC heap after
Heap after GC invocations=7 (full 2):
 PSYoungGen      total 178176K, used 21494K [0x0000000715c00000, 0x0000000721f00000, 0x00000007c0000000)
  eden space 156672K, 0% used [0x0000000715c00000,0x0000000715c00000,0x000000071f500000)
  from space 21504K, 99% used [0x000000071f500000,0x00000007209fdb78,0x0000000720a00000)
  to   space 21504K, 0% used [0x0000000720a00000,0x0000000720a00000,0x0000000721f00000)
 ParOldGen       total 251904K, used 63385K [0x00000005c1400000, 0x00000005d0a00000, 0x0000000715c00000)
  object space 251904K, 25% used [0x00000005c1400000,0x00000005c51e6690,0x00000005d0a00000)
 Metaspace       used 57608K, capacity 58802K, committed 59028K, reserved 1101824K
  class space    used 6741K, capacity 7047K, committed 7168K, reserved 1048576K
}
Event: 3.753 GC heap before
{Heap before GC invocations=8 (full 3):
 PSYoungGen      total 178176K, used 21494K [0x0000000715c00000, 0x0000000721f00000, 0x00000007c0000000)
  eden space 156672K, 0% used [0x0000000715c00000,0x0000000715c00000,0x000000071f500000)
  from space 21504K, 99% used [0x000000071f500000,0x00000007209fdb78,0x0000000720a00000)
  to   space 21504K, 0% used [0x0000000720a00000,0x0000000720a00000,0x0000000721f00000)
 ParOldGen       total 251904K, used 63385K [0x00000005c1400000, 0x00000005d0a00000, 0x0000000715c00000)
  object space 251904K, 25% used [0x00000005c1400000,0x00000005c51e6690,0x00000005d0a00000)
 Metaspace       used 57608K, capacity 58802K, committed 59028K, reserved 1101824K
  class space    used 6741K, capacity 7047K, committed 7168K, reserved 1048576K
Event: 3.869 GC heap after
Heap after GC invocations=8 (full 3):
 PSYoungGen      total 178176K, used 0K [0x0000000715c00000, 0x0000000721f00000, 0x00000007c0000000)
  eden space 156672K, 0% used [0x0000000715c00000,0x0000000715c00000,0x000000071f500000)
  from space 21504K, 0% used [0x000000071f500000,0x000000071f500000,0x0000000720a00000)
  to   space 21504K, 0% used [0x0000000720a00000,0x0000000720a00000,0x0000000721f00000)
 ParOldGen       total 251904K, used 59398K [0x00000005c1400000, 0x00000005d0a00000, 0x0000000715c00000)
  object space 251904K, 23% used [0x00000005c1400000,0x00000005c4e01be0,0x00000005d0a00000)
 Metaspace       used 57608K, capacity 58802K, committed 59028K, reserved 1101824K
  class space    used 6741K, capacity 7047K, committed 7168K, reserved 1048576K
}

