# JRE version: OpenJDK Runtime Environment (8.0_242-b01) (build 1.8.0_242-release-1644-b01)
# Java VM: OpenJDK 64-Bit Server VM (25.242-b01 mixed mode windows-amd64 compressed oops)
Heap:
 PSYoungGen      total 231936K, used 95214K [0x0000000715c00000, 0x0000000727280000, 0x00000007c0000000)
  eden space 210432K, 35% used [0x0000000715c00000,0x000000071a403948,0x0000000722980000)
  from space 21504K, 99% used [0x0000000725d00000,0x00000007271f8138,0x0000000727200000)
  to   space 512K, 0% used [0x0000000727200000,0x0000000727200000,0x0000000727280000)
 ParOldGen       total 252416K, used 54301K [0x00000005c1400000, 0x00000005d0a80000, 0x0000000715c00000)
  object space 252416K, 21% used [0x00000005c1400000,0x00000005c4907698,0x00000005d0a80000)
 Metaspace       used 54781K, capacity 55980K, committed 56024K, reserved 1097728K
  class space    used 6557K, capacity 6870K, committed 6912K, reserved 1048576K
GC Heap History (10 events):
Event: 0.715 GC heap before
{Heap before GC invocations=1 (full 0):
 PSYoungGen      total 153088K, used 100158K [0x0000000715c00000, 0x0000000720680000, 0x00000007c0000000)
  eden space 131584K, 76% used [0x0000000715c00000,0x000000071bdcf850,0x000000071dc80000)
  from space 21504K, 0% used [0x000000071f180000,0x000000071f180000,0x0000000720680000)
  to   space 21504K, 0% used [0x000000071dc80000,0x000000071dc80000,0x000000071f180000)
 ParOldGen       total 349696K, used 0K [0x00000005c1400000, 0x00000005d6980000, 0x0000000715c00000)
  object space 349696K, 0% used [0x00000005c1400000,0x00000005c1400000,0x00000005d6980000)
 Metaspace       used 20702K, capacity 21046K, committed 21248K, reserved 1069056K
  class space    used 2340K, capacity 2444K, committed 2560K, reserved 1048576K
Event: 0.724 GC heap after
Heap after GC invocations=1 (full 0):
 PSYoungGen      total 153088K, used 21488K [0x0000000715c00000, 0x0000000728700000, 0x00000007c0000000)
  eden space 131584K, 0% used [0x0000000715c00000,0x0000000715c00000,0x000000071dc80000)
  from space 21504K, 99% used [0x000000071dc80000,0x000000071f17c208,0x000000071f180000)
  to   space 21504K, 0% used [0x0000000727200000,0x0000000727200000,0x0000000728700000)
 ParOldGen       total 349696K, used 4589K [0x00000005c1400000, 0x00000005d6980000, 0x0000000715c00000)
  object space 349696K, 1% used [0x00000005c1400000,0x00000005c187b6e8,0x00000005d6980000)
 Metaspace       used 20702K, capacity 21046K, committed 21248K, reserved 1069056K
  class space    used 2340K, capacity 2444K, committed 2560K, reserved 1048576K
}
Event: 0.724 GC heap before
{Heap before GC invocations=2 (full 1):
 PSYoungGen      total 153088K, used 21488K [0x0000000715c00000, 0x0000000728700000, 0x00000007c0000000)
  eden space 131584K, 0% used [0x0000000715c00000,0x0000000715c00000,0x000000071dc80000)
  from space 21504K, 99% used [0x000000071dc80000,0x000000071f17c208,0x000000071f180000)
  to   space 21504K, 0% used [0x0000000727200000,0x0000000727200000,0x0000000728700000)
 ParOldGen       total 349696K, used 4589K [0x00000005c1400000, 0x00000005d6980000, 0x0000000715c00000)
  object space 349696K, 1% used [0x00000005c1400000,0x00000005c187b6e8,0x00000005d6980000)
 Metaspace       used 20702K, capacity 21046K, committed 21248K, reserved 1069056K
  class space    used 2340K, capacity 2444K, committed 2560K, reserved 1048576K
Event: 0.746 GC heap after
Heap after GC invocations=2 (full 1):
 PSYoungGen      total 153088K, used 0K [0x0000000715c00000, 0x0000000728700000, 0x00000007c0000000)
  eden space 131584K, 0% used [0x0000000715c00000,0x0000000715c00000,0x000000071dc80000)
  from space 21504K, 0% used [0x000000071dc80000,0x000000071dc80000,0x000000071f180000)
  to   space 21504K, 0% used [0x0000000727200000,0x0000000727200000,0x0000000728700000)
 ParOldGen       total 252416K, used 25134K [0x00000005c1400000, 0x00000005d0a80000, 0x0000000715c00000)
  object space 252416K, 9% used [0x00000005c1400000,0x00000005c2c8bbb0,0x00000005d0a80000)
 Metaspace       used 20702K, capacity 21046K, committed 21248K, reserved 1069056K
  class space    used 2340K, capacity 2444K, committed 2560K, reserved 1048576K
}
Event: 1.398 GC heap before
{Heap before GC invocations=3 (full 1):
 PSYoungGen      total 153088K, used 114289K [0x0000000715c00000, 0x0000000728700000, 0x00000007c0000000)
  eden space 131584K, 86% used [0x0000000715c00000,0x000000071cb9c5d0,0x000000071dc80000)
  from space 21504K, 0% used [0x000000071dc80000,0x000000071dc80000,0x000000071f180000)
  to   space 21504K, 0% used [0x0000000727200000,0x0000000727200000,0x0000000728700000)
 ParOldGen       total 252416K, used 25134K [0x00000005c1400000, 0x00000005d0a80000, 0x0000000715c00000)
  object space 252416K, 9% used [0x00000005c1400000,0x00000005c2c8bbb0,0x00000005d0a80000)
 Metaspace       used 34666K, capacity 35200K, committed 35416K, reserved 1081344K
  class space    used 4324K, capacity 4477K, committed 4480K, reserved 1048576K
Event: 1.407 GC heap after
Heap after GC invocations=3 (full 1):
 PSYoungGen      total 195072K, used 21481K [0x0000000715c00000, 0x0000000728700000, 0x00000007c0000000)
  eden space 173568K, 0% used [0x0000000715c00000,0x0000000715c00000,0x0000000720580000)
  from space 21504K, 99% used [0x0000000727200000,0x00000007286fa7f0,0x0000000728700000)
  to   space 21504K, 0% used [0x0000000725d00000,0x0000000725d00000,0x0000000727200000)
 ParOldGen       total 252416K, used 34193K [0x00000005c1400000, 0x00000005d0a80000, 0x0000000715c00000)
  object space 252416K, 13% used [0x00000005c1400000,0x00000005c35644e8,0x00000005d0a80000)
 Metaspace       used 34666K, capacity 35200K, committed 35416K, reserved 1081344K
  class space    used 4324K, capacity 4477K, committed 4480K, reserved 1048576K
}
Event: 1.407 GC heap before
{Heap before GC invocations=4 (full 2):
 PSYoungGen      total 195072K, used 21481K [0x0000000715c00000, 0x0000000728700000, 0x00000007c0000000)
  eden space 173568K, 0% used [0x0000000715c00000,0x0000000715c00000,0x0000000720580000)
  from space 21504K, 99% used [0x0000000727200000,0x00000007286fa7f0,0x0000000728700000)
  to   space 21504K, 0% used [0x0000000725d00000,0x0000000725d00000,0x0000000727200000)
 ParOldGen       total 252416K, used 34193K [0x00000005c1400000, 0x00000005d0a80000, 0x0000000715c00000)
  object space 252416K, 13% used [0x00000005c1400000,0x00000005c35644e8,0x00000005d0a80000)
 Metaspace       used 34666K, capacity 35200K, committed 35416K, reserved 1081344K
  class space    used 4324K, capacity 4477K, committed 4480K, reserved 1048576K
Event: 1.450 GC heap after
Heap after GC invocations=4 (full 2):
 PSYoungGen      total 195072K, used 0K [0x0000000715c00000, 0x0000000728700000, 0x00000007c0000000)
  eden space 173568K, 0% used [0x0000000715c00000,0x0000000715c00000,0x0000000720580000)
  from space 21504K, 0% used [0x0000000727200000,0x0000000727200000,0x0000000728700000)
  to   space 21504K, 0% used [0x0000000725d00000,0x0000000725d00000,0x0000000727200000)
 ParOldGen       total 252416K, used 42381K [0x00000005c1400000, 0x00000005d0a80000, 0x0000000715c00000)
  object space 252416K, 16% used [0x00000005c1400000,0x00000005c3d63488,0x00000005d0a80000)
 Metaspace       used 34666K, capacity 35200K, committed 35416K, reserved 1081344K
  class space    used 4324K, capacity 4477K, committed 4480K, reserved 1048576K
}
Event: 2.561 GC heap before
{Heap before GC invocations=5 (full 2):
 PSYoungGen      total 195072K, used 173568K [0x0000000715c00000, 0x0000000728700000, 0x00000007c0000000)
  eden space 173568K, 100% used [0x0000000715c00000,0x0000000720580000,0x0000000720580000)
  from space 21504K, 0% used [0x0000000727200000,0x0000000727200000,0x0000000728700000)
  to   space 21504K, 0% used [0x0000000725d00000,0x0000000725d00000,0x0000000727200000)
 ParOldGen       total 252416K, used 42381K [0x00000005c1400000, 0x00000005d0a80000, 0x0000000715c00000)
  object space 252416K, 16% used [0x00000005c1400000,0x00000005c3d63488,0x00000005d0a80000)
 Metaspace       used 49223K, capacity 50148K, committed 50648K, reserved 1093632K
  class space    used 5782K, capacity 6052K, committed 6144K, reserved 1048576K
Event: 2.573 GC heap after
Heap after GC invocations=5 (full 2):
 PSYoungGen      total 231936K, used 21472K [0x0000000715c00000, 0x0000000727280000, 0x00000007c0000000)
  eden space 210432K, 0% used [0x0000000715c00000,0x0000000715c00000,0x0000000722980000)
  from space 21504K, 99% used [0x0000000725d00000,0x00000007271f8138,0x0000000727200000)
  to   space 512K, 0% used [0x0000000727200000,0x0000000727200000,0x0000000727280000)
 ParOldGen       total 252416K, used 54301K [0x00000005c1400000, 0x00000005d0a80000, 0x0000000715c00000)
  object space 252416K, 21% used [0x00000005c1400000,0x00000005c4907698,0x00000005d0a80000)
 Metaspace       used 49223K, capacity 50148K, committed 50648K, reserved 1093632K
  class space    used 5782K, capacity 6052K, committed 6144K, reserved 1048576K
}

